[2023-08-05 00:02:36] laravel.EMERGENCY: Unable to create configured logger. Using emergency logger. {"exception":"[object] (InvalidArgumentException(code: 0): Log [] is not defined. at /www/wwwroot/blinkbroadband.pk/vendor/laravel/framework/src/Illuminate/Log/LogManager.php:192)
[stacktrace]
#0 /www/wwwroot/blinkbroadband.pk/vendor/laravel/framework/src/Illuminate/Log/LogManager.php(118): Illuminate\\Log\\LogManager->resolve()
#1 /www/wwwroot/blinkbroadband.pk/vendor/laravel/framework/src/Illuminate/Log/LogManager.php(98): Illuminate\\Log\\LogManager->get()
#2 /www/wwwroot/blinkbroadband.pk/vendor/laravel/framework/src/Illuminate/Log/LogManager.php(547): Illuminate\\Log\\LogManager->driver()
#3 /www/wwwroot/blinkbroadband.pk/vendor/laravel/framework/src/Illuminate/Foundation/Exceptions/Handler.php(122): Illuminate\\Log\\LogManager->error()
#4 /www/wwwroot/blinkbroadband.pk/app/Exceptions/Handler.php(40): Illuminate\\Foundation\\Exceptions\\Handler->report()
#5 /www/wwwroot/blinkbroadband.pk/vendor/laravel/framework/src/Illuminate/Foundation/Http/Kernel.php(408): App\\Exceptions\\Handler->report()
#6 /www/wwwroot/blinkbroadband.pk/vendor/laravel/framework/src/Illuminate/Foundation/Http/Kernel.php(112): Illuminate\\Foundation\\Http\\Kernel->reportException()
#7 /www/wwwroot/blinkbroadband.pk/public/index.php(55): Illuminate\\Foundation\\Http\\Kernel->handle()
#8 {main}
"} 
[2023-08-05 00:02:36] laravel.ERROR: The "" directory does not exist. {"exception":"[object] (Symfony\\Component\\Finder\\Exception\\DirectoryNotFoundException(code: 0): The \"\" directory does not exist. at /www/wwwroot/blinkbroadband.pk/vendor/symfony/finder/Finder.php:602)
[stacktrace]
#0 /www/wwwroot/blinkbroadband.pk/vendor/laravel/framework/src/Illuminate/Foundation/Bootstrap/LoadConfiguration.php(88): Symfony\\Component\\Finder\\Finder->in()
#1 /www/wwwroot/blinkbroadband.pk/vendor/laravel/framework/src/Illuminate/Foundation/Bootstrap/LoadConfiguration.php(65): Illuminate\\Foundation\\Bootstrap\\LoadConfiguration->getConfigurationFiles()
#2 /www/wwwroot/blinkbroadband.pk/vendor/laravel/framework/src/Illuminate/Foundation/Bootstrap/LoadConfiguration.php(39): Illuminate\\Foundation\\Bootstrap\\LoadConfiguration->loadConfigurationFiles()
#3 /www/wwwroot/blinkbroadband.pk/vendor/laravel/framework/src/Illuminate/Foundation/Application.php(219): Illuminate\\Foundation\\Bootstrap\\LoadConfiguration->bootstrap()
#4 /www/wwwroot/blinkbroadband.pk/vendor/laravel/framework/src/Illuminate/Foundation/Http/Kernel.php(156): Illuminate\\Foundation\\Application->bootstrapWith()
#5 /www/wwwroot/blinkbroadband.pk/vendor/laravel/framework/src/Illuminate/Foundation/Http/Kernel.php(140): Illuminate\\Foundation\\Http\\Kernel->bootstrap()
#6 /www/wwwroot/blinkbroadband.pk/vendor/laravel/framework/src/Illuminate/Foundation/Http/Kernel.php(110): Illuminate\\Foundation\\Http\\Kernel->sendRequestThroughRouter()
#7 /www/wwwroot/blinkbroadband.pk/public/index.php(55): Illuminate\\Foundation\\Http\\Kernel->handle()
#8 {main}
"} 
[2023-08-05 00:02:50] laravel.EMERGENCY: Unable to create configured logger. Using emergency logger. {"exception":"[object] (InvalidArgumentException(code: 0): Log [] is not defined. at /www/wwwroot/blinkbroadband.pk/vendor/laravel/framework/src/Illuminate/Log/LogManager.php:192)
[stacktrace]
#0 /www/wwwroot/blinkbroadband.pk/vendor/laravel/framework/src/Illuminate/Log/LogManager.php(118): Illuminate\\Log\\LogManager->resolve()
#1 /www/wwwroot/blinkbroadband.pk/vendor/laravel/framework/src/Illuminate/Log/LogManager.php(98): Illuminate\\Log\\LogManager->get()
#2 /www/wwwroot/blinkbroadband.pk/vendor/laravel/framework/src/Illuminate/Log/LogManager.php(547): Illuminate\\Log\\LogManager->driver()
#3 /www/wwwroot/blinkbroadband.pk/vendor/laravel/framework/src/Illuminate/Foundation/Exceptions/Handler.php(122): Illuminate\\Log\\LogManager->error()
#4 /www/wwwroot/blinkbroadband.pk/app/Exceptions/Handler.php(40): Illuminate\\Foundation\\Exceptions\\Handler->report()
#5 /www/wwwroot/blinkbroadband.pk/vendor/laravel/framework/src/Illuminate/Foundation/Http/Kernel.php(408): App\\Exceptions\\Handler->report()
#6 /www/wwwroot/blinkbroadband.pk/vendor/laravel/framework/src/Illuminate/Foundation/Http/Kernel.php(112): Illuminate\\Foundation\\Http\\Kernel->reportException()
#7 /www/wwwroot/blinkbroadband.pk/public/index.php(55): Illuminate\\Foundation\\Http\\Kernel->handle()
#8 {main}
"} 
[2023-08-05 00:02:50] laravel.ERROR: The "" directory does not exist. {"exception":"[object] (Symfony\\Component\\Finder\\Exception\\DirectoryNotFoundException(code: 0): The \"\" directory does not exist. at /www/wwwroot/blinkbroadband.pk/vendor/symfony/finder/Finder.php:602)
[stacktrace]
#0 /www/wwwroot/blinkbroadband.pk/vendor/laravel/framework/src/Illuminate/Foundation/Bootstrap/LoadConfiguration.php(88): Symfony\\Component\\Finder\\Finder->in()
#1 /www/wwwroot/blinkbroadband.pk/vendor/laravel/framework/src/Illuminate/Foundation/Bootstrap/LoadConfiguration.php(65): Illuminate\\Foundation\\Bootstrap\\LoadConfiguration->getConfigurationFiles()
#2 /www/wwwroot/blinkbroadband.pk/vendor/laravel/framework/src/Illuminate/Foundation/Bootstrap/LoadConfiguration.php(39): Illuminate\\Foundation\\Bootstrap\\LoadConfiguration->loadConfigurationFiles()
#3 /www/wwwroot/blinkbroadband.pk/vendor/laravel/framework/src/Illuminate/Foundation/Application.php(219): Illuminate\\Foundation\\Bootstrap\\LoadConfiguration->bootstrap()
#4 /www/wwwroot/blinkbroadband.pk/vendor/laravel/framework/src/Illuminate/Foundation/Http/Kernel.php(156): Illuminate\\Foundation\\Application->bootstrapWith()
#5 /www/wwwroot/blinkbroadband.pk/vendor/laravel/framework/src/Illuminate/Foundation/Http/Kernel.php(140): Illuminate\\Foundation\\Http\\Kernel->bootstrap()
#6 /www/wwwroot/blinkbroadband.pk/vendor/laravel/framework/src/Illuminate/Foundation/Http/Kernel.php(110): Illuminate\\Foundation\\Http\\Kernel->sendRequestThroughRouter()
#7 /www/wwwroot/blinkbroadband.pk/public/index.php(55): Illuminate\\Foundation\\Http\\Kernel->handle()
#8 {main}
"} 
